<?xml version="1.0" encoding="UTF-8"?>
<!DOCTYPE properties SYSTEM "http://java.sun.com/dtd/properties.dtd">
<properties version="1.0">
    <comment>Sample test run arguments</comment>
    <entry key="iut">http://localhost:9999/arlas/collections/csw/?request=GetCapabilities&amp;service=CSW&amp;version=3.0.0</entry>
</properties>
